
> oman-education-ai-backend@1.0.0 prebuild
> npm run type-check && npm run lint


> oman-education-ai-backend@1.0.0 type-check
> tsc --noEmit

src/application/services/education/index.ts(13,15): error TS2306: File 'A:/oman-education-ai-system/backend/src/application/services/education/learning/index.ts' is not a module.
src/application/services/index.ts(17,15): error TS2307: Cannot find module './auth' or its corresponding type declarations.
src/application/services/index.ts(22,15): error TS2307: Cannot find module './user' or its corresponding type declarations.
src/application/use-cases/auth/HandleGoogleOAuthCallbackUseCase.ts(52,42): error TS2339: Property 'handleCallback' does not exist on type 'GoogleOAuthService'.
src/application/use-cases/auth/InitiateGoogleOAuthUseCase.ts(40,42): error TS2339: Property 'generateAuthorizationUrl' does not exist on type 'GoogleOAuthService'.
src/core/ai-kernel/dispatcher/AgentDispatcher.ts(4,38): error TS2307: Cannot find module '@/application/services/knowledge/KnowledgeBaseService' or its corresponding type declarations.
src/core/ai-kernel/skills/implementations/OfficeGenerationSkill.ts(2,41): error TS2307: Cannot find module '@/application/services/office/OfficeGenerationService' or its corresponding type declarations.
src/core/ai-kernel/skills/implementations/RAGSearchSkill.ts(2,38): error TS2307: Cannot find module '@/application/services/knowledge/KnowledgeBaseService' or its corresponding type declarations.
src/domain/types/communication/email.types.ts(7,43): error TS2307: Cannot find module '../../../shared/common.types.js' or its corresponding type declarations.
src/domain/types/communication/websocket.types.ts(7,31): error TS2307: Cannot find module '../../../shared/common.types.js' or its corresponding type declarations.
src/domain/types/user/admin.types.ts(12,8): error TS2307: Cannot find module '../../../shared/common.types.js' or its corresponding type declarations.
src/domain/types/user/developer.types.ts(7,53): error TS2307: Cannot find module './common.types' or its corresponding type declarations.
src/infrastructure/adapters/ai/AIProviderFactory.ts(33,19): error TS2339: Property 'connect' does not exist on type 'OpenAIAdapter'.
src/infrastructure/adapters/ai/AIProviderFactory.ts(40,44): error TS2339: Property 'chatCompletion' does not exist on type 'OpenAIAdapter'.
src/infrastructure/adapters/ai/AIProviderFactory.ts(41,42): error TS2339: Property 'generateCode' does not exist on type 'OpenAIAdapter'.
src/infrastructure/adapters/ai/AIProviderFactory.ts(44,38): error TS2339: Property 'healthCheck' does not exist on type 'OpenAIAdapter'.
src/infrastructure/adapters/ai/AIProviderFactory.ts(53,30): error TS2339: Property 'getName' does not exist on type 'OpenAIAdapter'.
src/infrastructure/adapters/cache/RedisAdapter.ts(37,21): error TS2339: Property 'code' does not exist on type 'Error'.
src/infrastructure/di/modules/auth.module.ts(14,41): error TS2307: Cannot find module '@/domain/interfaces/repositories/auth/identity/IRefreshTokenRepository.js' or its corresponding type declarations.
src/infrastructure/di/modules/education.module.ts(47,36): error TS2345: Argument of type 'import("A:/oman-education-ai-system/backend/src/domain/interfaces/adapters/ai/IAIProvider").IAIProvider' is not assignable to parameter of type 'import("A:/oman-education-ai-system/backend/src/domain/interfaces/ai/IAIProvider").IAIProvider'.
  Type 'IAIProvider' is missing the following properties from type 'IAIProvider': chatCompletion, generateCode, generateEmbedding, healthCheck, getName
src/infrastructure/di/modules/email.module.ts(9,55): error TS2345: Argument of type 'typeof ConsoleAdapter' is not assignable to parameter of type '(new (...args: unknown[]) => ConsoleAdapter) | ServiceFactory<ConsoleAdapter>'.
  Type 'typeof ConsoleAdapter' is not assignable to type 'new (...args: unknown[]) => ConsoleAdapter'.
    Types of construct signatures are incompatible.
      Type 'new (fromEmail: string, fromName: string) => ConsoleAdapter' is not assignable to type 'new (...args: unknown[]) => ConsoleAdapter'.
        Types of parameters 'fromEmail' and 'args' are incompatible.
          Type 'unknown' is not assignable to type 'string'.
src/infrastructure/di/modules/system.module.ts(2,34): error TS2307: Cannot find module '../../../application/services/system/changelog/ChangelogService.js' or its corresponding type declarations.
src/infrastructure/di/modules/user.module.ts(3,33): error TS2307: Cannot find module '@/domain/interfaces/repositories/IUserRepository.js' or its corresponding type declarations.
src/infrastructure/di/modules/user.module.ts(4,40): error TS2307: Cannot find module '@/infrastructure/repositories/user/PostgresUserRepository.js' or its corresponding type declarations.
src/infrastructure/repositories/OAuthStateRepositoryFactory.ts(9,40): error TS2307: Cannot find module '../../domain/interfaces/repositories/IGoogleOAuthRepository.js' or its corresponding type declarations.
src/infrastructure/repositories/RedisOAuthStateRepository.ts(7,40): error TS2307: Cannot find module '../../domain/interfaces/repositories/IGoogleOAuthRepository.js' or its corresponding type declarations.
src/infrastructure/repositories/UserRepository.ts(8,33): error TS2307: Cannot find module '../../domain/interfaces/repositories/IUserRepository.js' or its corresponding type declarations.
src/infrastructure/repositories/WhitelistRepository.ts(12,8): error TS2307: Cannot find module '../../domain/interfaces/repositories/IWhitelistRepository' or its corresponding type declarations.
src/modules/auth/controllers/auth.controller.ts(283,40): error TS2339: Property 'sendVerificationEmail' does not exist on type 'AuthService'.
src/modules/auth/controllers/auth.controller.ts(306,61): error TS2339: Property 'verifyEmail' does not exist on type 'AuthService'.
src/modules/auth/controllers/auth.controller.ts(333,40): error TS2339: Property 'requestPasswordReset' does not exist on type 'AuthService'.
src/modules/auth/controllers/whitelist.controller.ts(2,1): error TS6133: 'container' is declared but its value is never read.
src/modules/auth/controllers/whitelist.controller.ts(5,28): error TS2307: Cannot find module '@/domain/types/auth.types.js' or its corresponding type declarations.
src/modules/auth/services/AuthService.ts(28,8): error TS2307: Cannot find module '@/domain/types/auth.js' or its corresponding type declarations.
src/modules/auth/services/AuthService.ts(168,25): error TS2322: Type 'string' is not assignable to type 'UserRole | undefined'.
src/modules/auth/services/GoogleOAuthService.ts(21,38): error TS6133: 'code' is declared but its value is never read.
src/modules/auth/services/GoogleOAuthService.ts(21,52): error TS6133: 'codeVerifier' is declared but its value is never read.
src/modules/auth/services/OAuthStateService.ts(21,34): error TS6133: 'state' is declared but its value is never read.
src/modules/auth/services/TokenService.ts(16,38): error TS2307: Cannot find module '@/domain/types/auth.js' or its corresponding type declarations.
src/modules/auth/services/TokenService.ts(95,20): error TS2769: No overload matches this call.
  Overload 1 of 5, '(payload: string | object | Buffer<ArrayBufferLike>, secretOrPrivateKey: null, options?: (SignOptions & { algorithm: "none"; }) | undefined): string', gave the following error.
    Argument of type 'string' is not assignable to parameter of type 'null'.
  Overload 2 of 5, '(payload: string | object | Buffer<ArrayBufferLike>, secretOrPrivateKey: Buffer<ArrayBufferLike> | Secret | PrivateKeyInput | JsonWebKeyInput, options?: SignOptions | undefined): string', gave the following error.
    Type 'string' is not assignable to type 'number | StringValue | undefined'.
  Overload 3 of 5, '(payload: string | object | Buffer<ArrayBufferLike>, secretOrPrivateKey: Buffer<ArrayBufferLike> | Secret | PrivateKeyInput | JsonWebKeyInput, callback: SignCallback): void', gave the following error.
    Object literal may only specify known properties, and 'expiresIn' does not exist in type 'SignCallback'.
src/modules/auth/services/TokenService.ts(139,20): error TS2769: No overload matches this call.
  Overload 1 of 5, '(payload: string | object | Buffer<ArrayBufferLike>, secretOrPrivateKey: null, options?: (SignOptions & { algorithm: "none"; }) | undefined): string', gave the following error.
    Argument of type 'string' is not assignable to parameter of type 'null'.
  Overload 2 of 5, '(payload: string | object | Buffer<ArrayBufferLike>, secretOrPrivateKey: Buffer<ArrayBufferLike> | Secret | PrivateKeyInput | JsonWebKeyInput, options?: SignOptions | undefined): string', gave the following error.
    Type 'string' is not assignable to type 'number | StringValue | undefined'.
  Overload 3 of 5, '(payload: string | object | Buffer<ArrayBufferLike>, secretOrPrivateKey: Buffer<ArrayBufferLike> | Secret | PrivateKeyInput | JsonWebKeyInput, callback: SignCallback): void', gave the following error.
    Object literal may only specify known properties, and 'expiresIn' does not exist in type 'SignCallback'.
src/modules/auth/services/WhitelistService.ts(12,28): error TS2307: Cannot find module '@/domain/types/auth.types.js' or its corresponding type declarations.
src/modules/auth/services/WhitelistService.ts(23,25): error TS6133: 'filter' is declared but its value is never read.
src/modules/auth/services/WhitelistService.ts(27,20): error TS6133: 'id' is declared but its value is never read.
src/modules/auth/services/WhitelistService.ts(61,23): error TS6133: 'id' is declared but its value is never read.
src/modules/education/controllers/assessment.controller.ts(18,8): error TS2307: Cannot find module '@/domain/types/assessment.types.js' or its corresponding type declarations.
src/modules/education/services/ContentManagementService.ts(13,22): error TS6133: 'filters' is declared but its value is never read.
src/modules/education/services/ContentManagementService.ts(17,21): error TS6133: 'id' is declared but its value is never read.
src/modules/education/services/ContentManagementService.ts(25,47): error TS6133: 'userId' is declared but its value is never read.
src/modules/education/services/ContentManagementService.ts(29,24): error TS6133: 'id' is declared but its value is never read.
src/modules/education/services/ContentManagementService.ts(29,36): error TS6133: 'userId' is declared but its value is never read.
src/modules/education/services/ContentManagementService.ts(41,28): error TS6133: 'filters' is declared but its value is never read.
src/modules/education/services/ContentManagementService.ts(49,53): error TS6133: 'userId' is declared but its value is never read.
src/modules/education/services/ContentManagementService.ts(53,30): error TS6133: 'id' is declared but its value is never read.
src/modules/education/services/ContentManagementService.ts(53,42): error TS6133: 'userId' is declared but its value is never read.
src/modules/education/services/ProjectService.ts(18,23): error TS6133: 'filters' is declared but its value is never read.
src/modules/education/services/ProjectService.ts(26,61): error TS6133: 'userId' is declared but its value is never read.
src/modules/education/services/ProjectService.ts(30,25): error TS6133: 'id' is declared but its value is never read.
src/modules/education/services/ProjectService.ts(30,37): error TS6133: 'userId' is declared but its value is never read.
src/modules/education/services/ProjectService.ts(34,30): error TS6133: 'id' is declared but its value is never read.
src/modules/support/changelog/changelog.service.ts(58,21): error TS2322: Type 'string' is not assignable to type 'Enumchangelog_statusFilter<"changelog_entries"> | changelog_status | undefined'.
src/modules/support/changelog/changelog.service.ts(79,32): error TS2345: Argument of type '(entry: DbChangelogEntry) => ChangelogResponseDto' is not assignable to parameter of type '(value: { version: string; status: changelog_status; id: string; created_at: Date; updated_at: Date; category: changelog_category; title: string; ... 7 more ...; author_id: string | null; }, index: number, array: { ...; }[]) => ChangelogResponseDto'.
  Types of parameters 'entry' and 'value' are incompatible.
    Type '{ version: string; status: changelog_status; id: string; created_at: Date; updated_at: Date; category: changelog_category; title: string; ... 7 more ...; author_id: string | null; }' is not assignable to type 'DbChangelogEntry'.
      Types of property 'summary' are incompatible.
        Type 'string | null' is not assignable to type 'string'.
          Type 'null' is not assignable to type 'string'.
src/modules/support/changelog/changelog.service.ts(108,34): error TS2345: Argument of type '{ users: { first_name: string | null; last_name: string | null; id: string; } | null; changelog_feedback: { id: string; created_at: Date; user_id: string | null; entry_id: string; reaction_type: string | null; comment_text: string | null; }[]; } & { ...; }' is not assignable to parameter of type 'DbChangelogEntry'.
  Types of property 'summary' are incompatible.
    Type 'string | null' is not assignable to type 'string'.
      Type 'null' is not assignable to type 'string'.
src/modules/system/changelog/changelog.controller.ts(13,26): error TS2307: Cannot find module 'class-validator' or its corresponding type declarations.
src/modules/system/changelog/changelog.controller.ts(14,33): error TS2307: Cannot find module 'class-transformer' or its corresponding type declarations.
src/modules/system/changelog/changelog.controller.ts(23,22): error TS6133: 'req' is declared but its value is never read.
src/modules/system/changelog/changelog.controller.ts(25,57): error TS2339: Property 'getAll' does not exist on type 'ChangelogService'.
src/modules/system/changelog/changelog.controller.ts(53,40): error TS7006: Parameter 'e' implicitly has an 'any' type.
src/modules/system/changelog/changelog.controller.ts(58,55): error TS2339: Property 'create' does not exist on type 'ChangelogService'.
src/modules/system/changelog/changelog.routes.ts(10,34): error TS2307: Cannot find module './changelog.service.js' or its corresponding type declarations.
src/modules/system/changelog/dto/create-changelog.dto.ts(8,58): error TS2307: Cannot find module 'class-validator' or its corresponding type declarations.
src/modules/system/changelog/dto/create-changelog.dto.ts(27,5): error TS2564: Property 'version' has no initializer and is not definitely assigned in the constructor.
src/modules/system/changelog/dto/create-changelog.dto.ts(31,5): error TS2564: Property 'type' has no initializer and is not definitely assigned in the constructor.
src/modules/system/changelog/dto/create-changelog.dto.ts(35,5): error TS2564: Property 'module' has no initializer and is not definitely assigned in the constructor.
src/modules/system/changelog/dto/create-changelog.dto.ts(39,5): error TS2564: Property 'description' has no initializer and is not definitely assigned in the constructor.
src/modules/user/controllers/user.controller.ts(61,26): error TS2339: Property 'serverError' does not exist on type 'UserController'.
src/modules/user/services/DeveloperService.ts(14,8): error TS2307: Cannot find module '@/domain/types/user.js' or its corresponding type declarations.
src/modules/user/services/UserService.ts(3,33): error TS2307: Cannot find module '@/domain/interfaces/repositories/IUserRepository' or its corresponding type declarations.
src/modules/user/services/UserService.ts(76,44): error TS7006: Parameter 'user' implicitly has an 'any' type.
src/modules/user/services/UserService.ts(107,34): error TS7006: Parameter 'user' implicitly has an 'any' type.
src/presentation/api/controllers/education/EducationController.ts(133,28): error TS6133: 'req' is declared but its value is never read.
src/presentation/api/dto/index.ts(1,15): error TS2307: Cannot find module './auth/auth.dto.js' or its corresponding type declarations.
src/presentation/api/dto/index.ts(2,15): error TS2307: Cannot find module './auth/whitelist.dto.js' or its corresponding type declarations.
src/presentation/api/dto/index.ts(3,15): error TS2307: Cannot find module './content/project.dto.js' or its corresponding type declarations.
src/presentation/api/handlers/ai/ai.handler.ts(2,36): error TS2307: Cannot find module '@/application/services/ai/AITokenizerService.js' or its corresponding type declarations.
src/presentation/api/handlers/ai/code-generation.handler.ts(59,57): error TS2339: Property 'generateCode' does not exist on type 'CodeGenerationService'.
src/presentation/api/handlers/ai/code-generation.handler.ts(80,44): error TS2339: Property 'improveCode' does not exist on type 'CodeGenerationService'.
src/presentation/api/handlers/ai/code-generation.handler.ts(98,44): error TS2339: Property 'explainCode' does not exist on type 'CodeGenerationService'.
src/presentation/api/handlers/communication/NotificationHandler.ts(8,37): error TS2307: Cannot find module '@/application/services/notification/NotificationService.js' or its corresponding type declarations.
src/presentation/api/handlers/content/index.ts(5,15): error TS2307: Cannot find module './project.handler.js' or its corresponding type declarations.
src/presentation/api/handlers/index.ts(9,32): error TS2307: Cannot find module './admin/index.js' or its corresponding type declarations.
src/presentation/api/handlers/index.ts(11,31): error TS2307: Cannot find module './auth/index.js' or its corresponding type declarations.
src/presentation/api/handlers/index.ts(16,31): error TS2307: Cannot find module './user/index.js' or its corresponding type declarations.
src/presentation/api/handlers/office/office.handler.ts(3,41): error TS2307: Cannot find module '@/application/services/office/OfficeGenerationService' or its corresponding type declarations.
src/presentation/api/handlers/security/security-analytics.handler.ts(7,42): error TS2307: Cannot find module '@/application/services/security/SecurityAnalyticsService.js' or its corresponding type declarations.
src/presentation/api/handlers/security/security-analytics.handler.ts(9,41): error TS2307: Cannot find module '@/domain/types/security.types.js' or its corresponding type declarations.
src/presentation/api/handlers/security/security-monitoring.handler.ts(7,43): error TS2307: Cannot find module '@/application/services/security/SecurityMonitoringService.js' or its corresponding type declarations.
src/presentation/api/handlers/security/security.handler.ts(8,33): error TS2307: Cannot find module '@/application/services/security/SecurityService.js' or its corresponding type declarations.
src/presentation/api/handlers/security/security.handler.ts(19,8): error TS2307: Cannot find module '@/domain/types/security.types.js' or its corresponding type declarations.
src/presentation/api/handlers/security/security.handler.ts(87,16): error TS7006: Parameter 'l' implicitly has an 'any' type.
src/presentation/api/handlers/system/changelog.handler.ts(2,34): error TS2307: Cannot find module '@/application/services/system/changelog/ChangelogService.js' or its corresponding type declarations.
src/presentation/api/handlers/system/monitoring.handler.ts(6,44): error TS2307: Cannot find module '@/application/services/monitoring/performance-tracking.service.js' or its corresponding type declarations.
src/presentation/api/handlers/system/monitoring.handler.ts(7,38): error TS2307: Cannot find module '@/application/services/monitoring/error-tracking.service.js' or its corresponding type declarations.
src/presentation/api/handlers/system/session.handler.ts(3,32): error TS2307: Cannot find module '@/application/services/security/SessionService.js' or its corresponding type declarations.
src/presentation/api/handlers/system/storage.handler.ts(2,32): error TS2307: Cannot find module '@/application/services/storage/StorageService.js' or its corresponding type declarations.
src/presentation/api/middleware/security/headers/security-headers.middleware.ts(197,13): error TS6133: 'req' is declared but its value is never read.
src/presentation/api/middleware/traffic/login-rate-limit.middleware.ts(69,19): error TS2339: Property 'checkLimit' does not exist on type 'LoginRateLimiter'.
src/presentation/api/middleware/traffic/login-rate-limit.middleware.ts(80,17): error TS2339: Property 'recordSuccess' does not exist on type 'LoginRateLimiter'.
src/presentation/api/middleware/traffic/login-rate-limit.middleware.ts(107,19): error TS2339: Property 'recordFailedAttempt' does not exist on type 'LoginRateLimiter'.
src/presentation/api/routes/admin/admin.routes.ts(8,33): error TS2307: Cannot find module '../../modules/user/controllers/admin.controller.js' or its corresponding type declarations.
src/presentation/api/routes/admin/whitelist.routes.ts(8,34): error TS2307: Cannot find module '../../handlers/auth/whitelist.handler.js' or its corresponding type declarations.
src/presentation/api/routes/content-management.routes.ts(8,42): error TS2307: Cannot find module '../handlers/content/content-management.handler.js' or its corresponding type declarations.
src/presentation/api/routes/content-management.routes.ts(84,44): error TS2304: Cannot find name 'ContentManagementController'.
src/presentation/api/routes/content-management.routes.ts(97,44): error TS2304: Cannot find name 'ContentManagementController'.
src/presentation/api/routes/core/auth/security/password.routes.ts(8,10): error TS2300: Duplicate identifier 'RouteFactory'.
src/presentation/api/routes/core/auth/security/password.routes.ts(9,10): error TS2300: Duplicate identifier 'MiddlewareChains'.
src/presentation/api/routes/core/auth/security/password.routes.ts(10,10): error TS2300: Duplicate identifier 'RouteFactory'.
src/presentation/api/routes/core/auth/security/password.routes.ts(11,10): error TS2300: Duplicate identifier 'MiddlewareChains'.
src/presentation/api/routes/core/user/discovery/routes.ts(8,29): error TS2307: Cannot find module '../../../../handlers/user/index.js' or its corresponding type declarations.
src/presentation/api/routes/core/user/management/routes.ts(8,29): error TS2307: Cannot find module '../../../../handlers/user/index.js' or its corresponding type declarations.
src/presentation/api/routes/developer/cockpit.routes.ts(48,30): error TS6133: 'req' is declared but its value is never read.
src/presentation/api/routes/developer/developer.routes.ts(63,5): error TS2345: Argument of type '"getPerformanceMetrics"' is not assignable to parameter of type 'keyof DeveloperController'.
src/presentation/api/routes/features/learning/assessment.routes.ts(19,44): error TS2304: Cannot find name 'AssessmentHandler'.
src/presentation/api/routes/features/learning/assessment.routes.ts(32,44): error TS2304: Cannot find name 'AssessmentHandler'.
src/presentation/api/routes/features/learning/assessment.routes.ts(97,44): error TS2304: Cannot find name 'AssessmentHandler'.
src/presentation/api/routes/features/learning/assessment.routes.ts(110,44): error TS2304: Cannot find name 'AssessmentHandler'.
src/presentation/api/routes/features/project.routes.ts(13,32): error TS2307: Cannot find module '../../handlers/content/project.handler.js' or its corresponding type declarations.
src/presentation/api/routes/features/project.routes.ts(112,44): error TS2304: Cannot find name 'ProjectController'.
src/presentation/handlers/user/user.handler.ts(9,29): error TS2307: Cannot find module '../base/BaseHandler.js' or its corresponding type declarations.
src/shared/response/api-response.ts(15,41): error TS2345: Argument of type 'number' is not assignable to parameter of type 'APIStatusCode | undefined'.
src/shared/response/api-response.ts(22,35): error TS2322: Type 'string' is not assignable to type 'APIErrorCode'.
