src/application/use-cases/auth/RequestPasswordResetUseCase.test.ts(8,30): error TS2307: Cannot find module '@/application/services/email' or its corresponding type declarations.
src/bootstrap.ts(11,55): error TS2307: Cannot find module './infrastructure/config/ConfigManager.js' or its corresponding type declarations.
src/bootstrap.ts(43,20): error TS2339: Property 'AI_DEFAULT_PROVIDER' does not exist on type '{ NODE_ENV: "development" | "production" | "test"; APP_NAME: string; PORT: number; APP_URL: string; CORS_ORIGIN: string; FRONTEND_URL: string; JWT_SECRET: string; SESSION_SECRET: string; ... 12 more ...; OPENAI_API_KEY?: string | undefined; }'.
src/bootstrap.ts(55,53): error TS2339: Property 'AI_DEFAULT_PROVIDER' does not exist on type '{ NODE_ENV: "development" | "production" | "test"; APP_NAME: string; PORT: number; APP_URL: string; CORS_ORIGIN: string; FRONTEND_URL: string; JWT_SECRET: string; SESSION_SECRET: string; ... 12 more ...; OPENAI_API_KEY?: string | undefined; }'.
src/domain/entities/User.ts(34,31): error TS2304: Cannot find name 'PlanTier'.
src/domain/types/features/analytics/analytics.types.ts(7,43): error TS2307: Cannot find module './common.types' or its corresponding type declarations.
src/domain/types/features/data/export-import.types.ts(7,43): error TS2307: Cannot find module './common.types' or its corresponding type declarations.
src/domain/types/features/data/report.types.ts(7,43): error TS2307: Cannot find module './common.types' or its corresponding type declarations.
src/domain/types/features/data/storage.types.ts(7,33): error TS2307: Cannot find module './common.types' or its corresponding type declarations.
src/domain/types/features/education/assessment.types.ts(7,33): error TS2307: Cannot find module './common.types' or its corresponding type declarations.
src/domain/types/features/project/project.types.ts(7,33): error TS2307: Cannot find module './common.types' or its corresponding type declarations.
src/infrastructure/adapters/cache/RedisAdapter.ts(15,34): error TS2339: Property 'REDIS_PASSWORD' does not exist on type '{ NODE_ENV: "development" | "production" | "test"; APP_NAME: string; PORT: number; APP_URL: string; CORS_ORIGIN: string; FRONTEND_URL: string; JWT_SECRET: string; SESSION_SECRET: string; ... 12 more ...; OPENAI_API_KEY?: string | undefined; }'.
src/infrastructure/adapters/email/NodemailerAdapter.ts(10,24): error TS2339: Property 'EMAIL_PROVIDER' does not exist on type '{ NODE_ENV: "development" | "production" | "test"; APP_NAME: string; PORT: number; APP_URL: string; CORS_ORIGIN: string; FRONTEND_URL: string; JWT_SECRET: string; SESSION_SECRET: string; ... 12 more ...; OPENAI_API_KEY?: string | undefined; }'.
src/infrastructure/adapters/email/NodemailerAdapter.ts(11,29): error TS2339: Property 'SMTP_HOST' does not exist on type '{ NODE_ENV: "development" | "production" | "test"; APP_NAME: string; PORT: number; APP_URL: string; CORS_ORIGIN: string; FRONTEND_URL: string; JWT_SECRET: string; SESSION_SECRET: string; ... 12 more ...; OPENAI_API_KEY?: string | undefined; }'.
src/infrastructure/adapters/email/NodemailerAdapter.ts(11,54): error TS2339: Property 'SMTP_USER' does not exist on type '{ NODE_ENV: "development" | "production" | "test"; APP_NAME: string; PORT: number; APP_URL: string; CORS_ORIGIN: string; FRONTEND_URL: string; JWT_SECRET: string; SESSION_SECRET: string; ... 12 more ...; OPENAI_API_KEY?: string | undefined; }'.
src/infrastructure/adapters/email/NodemailerAdapter.ts(11,79): error TS2339: Property 'SMTP_PASS' does not exist on type '{ NODE_ENV: "development" | "production" | "test"; APP_NAME: string; PORT: number; APP_URL: string; CORS_ORIGIN: string; FRONTEND_URL: string; JWT_SECRET: string; SESSION_SECRET: string; ... 12 more ...; OPENAI_API_KEY?: string | undefined; }'.
src/infrastructure/adapters/email/NodemailerAdapter.ts(17,30): error TS2339: Property 'SMTP_HOST' does not exist on type '{ NODE_ENV: "development" | "production" | "test"; APP_NAME: string; PORT: number; APP_URL: string; CORS_ORIGIN: string; FRONTEND_URL: string; JWT_SECRET: string; SESSION_SECRET: string; ... 12 more ...; OPENAI_API_KEY?: string | undefined; }'.
src/infrastructure/adapters/email/NodemailerAdapter.ts(18,30): error TS2339: Property 'SMTP_PORT' does not exist on type '{ NODE_ENV: "development" | "production" | "test"; APP_NAME: string; PORT: number; APP_URL: string; CORS_ORIGIN: string; FRONTEND_URL: string; JWT_SECRET: string; SESSION_SECRET: string; ... 12 more ...; OPENAI_API_KEY?: string | undefined; }'.
src/infrastructure/adapters/email/NodemailerAdapter.ts(19,32): error TS2339: Property 'SMTP_SECURE' does not exist on type '{ NODE_ENV: "development" | "production" | "test"; APP_NAME: string; PORT: number; APP_URL: string; CORS_ORIGIN: string; FRONTEND_URL: string; JWT_SECRET: string; SESSION_SECRET: string; ... 12 more ...; OPENAI_API_KEY?: string | undefined; }'.
src/infrastructure/adapters/email/NodemailerAdapter.ts(21,34): error TS2339: Property 'SMTP_USER' does not exist on type '{ NODE_ENV: "development" | "production" | "test"; APP_NAME: string; PORT: number; APP_URL: string; CORS_ORIGIN: string; FRONTEND_URL: string; JWT_SECRET: string; SESSION_SECRET: string; ... 12 more ...; OPENAI_API_KEY?: string | undefined; }'.
src/infrastructure/adapters/email/NodemailerAdapter.ts(22,34): error TS2339: Property 'SMTP_PASS' does not exist on type '{ NODE_ENV: "development" | "production" | "test"; APP_NAME: string; PORT: number; APP_URL: string; CORS_ORIGIN: string; FRONTEND_URL: string; JWT_SECRET: string; SESSION_SECRET: string; ... 12 more ...; OPENAI_API_KEY?: string | undefined; }'.
src/infrastructure/adapters/email/NodemailerAdapter.ts(27,11): error TS2416: Property 'sendEmail' in type 'NodemailerAdapter' is not assignable to the same property in base type 'IEmailProvider'.
  Type '(to: string, subject: string, htmlBody: string) => Promise<void>' is not assignable to type '(options: EmailOptions) => Promise<EmailResult>'.
    Target signature provides too few arguments. Expected 3 or more, but got 1.
src/infrastructure/adapters/email/NodemailerAdapter.ts(30,34): error TS2339: Property 'EMAIL_FROM' does not exist on type '{ NODE_ENV: "development" | "production" | "test"; APP_NAME: string; PORT: number; APP_URL: string; CORS_ORIGIN: string; FRONTEND_URL: string; JWT_SECRET: string; SESSION_SECRET: string; ... 12 more ...; OPENAI_API_KEY?: string | undefined; }'.
src/infrastructure/auth/auth.middleware.ts(39,30): error TS2339: Property 'REDIS_PASSWORD' does not exist on type '{ NODE_ENV: "development" | "production" | "test"; APP_NAME: string; PORT: number; APP_URL: string; CORS_ORIGIN: string; FRONTEND_URL: string; JWT_SECRET: string; SESSION_SECRET: string; ... 12 more ...; OPENAI_API_KEY?: string | undefined; }'.
src/infrastructure/auth/passport.config.ts(40,11): error TS2741: Property 'planTier' is missing in type '{ id: string; username: string; email: string; is_verified: true; is_active: true; role: "student"; permissions: Permission[]; created_at: string; updated_at: string; }' but required in type 'UserData'.
src/infrastructure/auth/strategies/google.strategy.ts(60,15): error TS2741: Property 'planTier' is missing in type '{ id: string; email: string; username: string; avatar_url: string | undefined; is_verified: true; is_active: true; role: "student"; permissions: Permission[]; created_at: string; updated_at: string; }' but required in type 'UserData'.
src/infrastructure/config/environment/index.ts(7,15): error TS2307: Cannot find module './schema.js' or its corresponding type declarations.
src/infrastructure/config/index.ts(24,15): error TS2307: Cannot find module './environment/schema.js' or its corresponding type declarations.
src/infrastructure/di/modules/communication.module.ts(5,37): error TS2307: Cannot find module '@/presentation/api/handlers/communication/NotificationHandler.js' or its corresponding type declarations.
src/infrastructure/di/modules/education.module.ts(61,47): error TS2554: Expected 1 arguments, but got 3.
src/infrastructure/di/modules/email.module.ts(8,20): error TS2339: Property 'EMAIL_PROVIDER' does not exist on type '{ NODE_ENV: "development" | "production" | "test"; APP_NAME: string; PORT: number; APP_URL: string; CORS_ORIGIN: string; FRONTEND_URL: string; JWT_SECRET: string; SESSION_SECRET: string; ... 12 more ...; OPENAI_API_KEY?: string | undefined; }'.
src/infrastructure/di/modules/email.module.ts(14,64): error TS2339: Property 'SMTP_HOST' does not exist on type '{ NODE_ENV: "development" | "production" | "test"; APP_NAME: string; PORT: number; APP_URL: string; CORS_ORIGIN: string; FRONTEND_URL: string; JWT_SECRET: string; SESSION_SECRET: string; ... 12 more ...; OPENAI_API_KEY?: string | undefined; }'.
src/infrastructure/repositories/AuthRepository.ts(188,13): error TS2741: Property 'planTier' is missing in type '{ email: string; password_hash: HashedPassword; first_name: string | undefined; last_name: string | undefined; username: string | undefined; role: UserRole; is_verified: false; is_active: true; permissions: never[]; }' but required in type 'Omit<UserData, "id" | "created_at" | "updated_at">'.
src/infrastructure/repositories/AuthRepository.ts(590,11): error TS2741: Property 'planTier' is missing in type '{ id: string; email: string; first_name: string; last_name: string; username: string; role: "student" | "teacher" | "admin" | "parent" | "moderator" | "developer"; is_verified: boolean; is_active: true; permissions: never[]; password_hash: HashedPassword; permission_source: "default"; }' but required in type 'Omit<UserData, "created_at" | "updated_at">'.
src/infrastructure/repositories/GoogleOAuthRepository.ts(121,15): error TS2322: Type '{ email: string; password_hash: undefined; first_name: string; last_name: string; username: string; role: "student"; is_verified: boolean; is_active: true; permissions: never[]; avatar_url: string | undefined; google_id: string; google_email: string; oauth_provider: string; oauth_linked_at: string; }' is not assignable to type 'Omit<UserData, "id" | "created_at" | "updated_at"> & { google_id?: string | undefined; google_email?: string | undefined; oauth_provider?: string | undefined; oauth_linked_at?: string | undefined; }'.
  Property 'planTier' is missing in type '{ email: string; password_hash: undefined; first_name: string; last_name: string; username: string; role: "student"; is_verified: boolean; is_active: true; permissions: never[]; avatar_url: string | undefined; google_id: string; google_email: string; oauth_provider: string; oauth_linked_at: string; }' but required in type 'Omit<UserData, "id" | "created_at" | "updated_at">'.
src/infrastructure/repositories/OAuthStateRepositoryFactory.ts(19,34): error TS2339: Property 'OAUTH_STATE_STORAGE' does not exist on type '{ NODE_ENV: "development" | "production" | "test"; APP_NAME: string; PORT: number; APP_URL: string; CORS_ORIGIN: string; FRONTEND_URL: string; JWT_SECRET: string; SESSION_SECRET: string; ... 12 more ...; OPENAI_API_KEY?: string | undefined; }'.
src/infrastructure/repositories/RedisOAuthStateRepository.ts(28,30): error TS2339: Property 'REDIS_PASSWORD' does not exist on type '{ NODE_ENV: "development" | "production" | "test"; APP_NAME: string; PORT: number; APP_URL: string; CORS_ORIGIN: string; FRONTEND_URL: string; JWT_SECRET: string; SESSION_SECRET: string; ... 12 more ...; OPENAI_API_KEY?: string | undefined; }'.
src/infrastructure/repositories/RedisOAuthStateRepository.ts(39,30): error TS2339: Property 'REDIS_PASSWORD' does not exist on type '{ NODE_ENV: "development" | "production" | "test"; APP_NAME: string; PORT: number; APP_URL: string; CORS_ORIGIN: string; FRONTEND_URL: string; JWT_SECRET: string; SESSION_SECRET: string; ... 12 more ...; OPENAI_API_KEY?: string | undefined; }'.
src/modules/ai/services/MockAIProvider.ts(18,40): error TS6133: 'options' is declared but its value is never read.
src/modules/ai/services/MockAIProvider.ts(23,43): error TS6133: 'schema' is declared but its value is never read.
src/modules/ai/services/MockAIProvider.ts(23,56): error TS6133: 'options' is declared but its value is never read.
src/modules/ai/services/MockAIProvider.ts(50,26): error TS6133: 'request' is declared but its value is never read.
src/modules/ai/services/MockAIProvider.ts(71,29): error TS6133: 'text' is declared but its value is never read.
src/modules/auth/config/auth.config.ts(13,34): error TS2339: Property 'JWT_ACCESS_EXPIRY' does not exist on type '{ NODE_ENV: "development" | "production" | "test"; APP_NAME: string; PORT: number; APP_URL: string; CORS_ORIGIN: string; FRONTEND_URL: string; JWT_SECRET: string; SESSION_SECRET: string; ... 12 more ...; OPENAI_API_KEY?: string | undefined; }'.
src/modules/auth/config/auth.config.ts(14,35): error TS2339: Property 'JWT_REFRESH_EXPIRY' does not exist on type '{ NODE_ENV: "development" | "production" | "test"; APP_NAME: string; PORT: number; APP_URL: string; CORS_ORIGIN: string; FRONTEND_URL: string; JWT_SECRET: string; SESSION_SECRET: string; ... 12 more ...; OPENAI_API_KEY?: string | undefined; }'.
src/modules/auth/config/auth.config.ts(22,38): error TS2339: Property 'RATE_LIMIT_ENABLED' does not exist on type '{ NODE_ENV: "development" | "production" | "test"; APP_NAME: string; PORT: number; APP_URL: string; CORS_ORIGIN: string; FRONTEND_URL: string; JWT_SECRET: string; SESSION_SECRET: string; ... 12 more ...; OPENAI_API_KEY?: string | undefined; }'.
src/modules/education/interfaces/http/controllers/EducationController.ts(60,50): error TS2554: Expected 3-4 arguments, but got 1.
src/modules/education/services/AssessmentService.test.ts(9,5): error TS2305: Module '"@/domain/types/shared"' has no exported member 'Assessment'.
src/modules/education/services/AssessmentService.test.ts(10,5): error TS2305: Module '"@/domain/types/shared"' has no exported member 'CreateAssessmentRequest'.
src/modules/education/services/AssessmentService.test.ts(11,5): error TS2305: Module '"@/domain/types/shared"' has no exported member 'UpdateAssessmentRequest'.
src/modules/education/services/AssessmentService.test.ts(12,5): error TS2305: Module '"@/domain/types/shared"' has no exported member 'SubmitAssessmentRequest'.
src/modules/education/services/AssessmentService.test.ts(13,5): error TS2305: Module '"@/domain/types/shared"' has no exported member 'AssessmentSubmission'.
src/modules/education/services/AssessmentService.test.ts(65,51): error TS7006: Parameter 'q' implicitly has an 'any' type.
src/modules/education/services/AssessmentService.test.ts(65,54): error TS7006: Parameter 'index' implicitly has an 'any' type.
src/modules/education/services/AssessmentService.ts(401,43): error TS2339: Property 'id' does not exist on type 'AssessmentSubmission'.
src/modules/education/services/AssessmentService.ts(485,46): error TS2339: Property 'id' does not exist on type 'Assessment'.
src/modules/learning/CourseService.ts(2,19): error TS6133: 'modules' is declared but its value is never read.
src/modules/learning/CourseService.ts(2,28): error TS6133: 'lessons' is declared but its value is never read.
src/modules/learning/LessonService.ts(17,26): error TS6133: 'userId' is declared but its value is never read.
src/modules/learning/LessonService.ts(17,42): error TS6133: 'lessonId' is declared but its value is never read.
src/modules/learning/learning.service.ts(69,17): error TS2322: Type '{ content: string; threadId: string; }' is not assignable to type 'string'.
src/presentation/api/handlers/communication/channels/email/EmailHandler.ts(16,23): error TS6133: 'payload' is declared but its value is never read.
src/presentation/api/handlers/communication/channels/sms/SmsHandler.ts(15,23): error TS6133: 'payload' is declared but its value is never read.
src/presentation/api/middleware/diagnostics/not-found.middleware.ts(97,5): error TS6133: 'req' is declared but its value is never read.
src/presentation/api/middleware/security/DevWhitelistMiddleware.ts(25,34): error TS2339: Property 'DEV_WHITELIST' does not exist on type '{ NODE_ENV: "development" | "production" | "test"; APP_NAME: string; PORT: number; APP_URL: string; CORS_ORIGIN: string; FRONTEND_URL: string; JWT_SECRET: string; SESSION_SECRET: string; ... 12 more ...; OPENAI_API_KEY?: string | undefined; }'.
src/presentation/api/middleware/subscription/usage-limit.middleware.ts(53,27): error TS6133: 'res' is declared but its value is never read.
src/presentation/api/middleware/subscription/usage-limit.middleware.ts(71,13): error TS6133: 'req' is declared but its value is never read.
src/presentation/api/middleware/subscription/usage-limit.middleware.ts(71,27): error TS6133: 'res' is declared but its value is never read.
src/presentation/middleware/TierGuard.ts(10,12): error TS7030: Not all code paths return a value.
src/shared/configuration/settings-manager.ts(24,27): error TS2339: Property 'APP_VERSION' does not exist on type '{ NODE_ENV: "development" | "production" | "test"; APP_NAME: string; PORT: number; APP_URL: string; CORS_ORIGIN: string; FRONTEND_URL: string; JWT_SECRET: string; SESSION_SECRET: string; ... 12 more ...; OPENAI_API_KEY?: string | undefined; }'.
src/shared/configuration/settings-manager.ts(27,29): error TS2339: Property 'SECRET_KEY' does not exist on type '{ NODE_ENV: "development" | "production" | "test"; APP_NAME: string; PORT: number; APP_URL: string; CORS_ORIGIN: string; FRONTEND_URL: string; JWT_SECRET: string; SESSION_SECRET: string; ... 12 more ...; OPENAI_API_KEY?: string | undefined; }'.
src/shared/configuration/settings-manager.ts(31,28): error TS2339: Property 'DATABASE_POOL_SIZE' does not exist on type '{ NODE_ENV: "development" | "production" | "test"; APP_NAME: string; PORT: number; APP_URL: string; CORS_ORIGIN: string; FRONTEND_URL: string; JWT_SECRET: string; SESSION_SECRET: string; ... 12 more ...; OPENAI_API_KEY?: string | undefined; }'.
src/shared/configuration/settings-manager.ts(32,27): error TS2339: Property 'DATABASE_TIMEOUT' does not exist on type '{ NODE_ENV: "development" | "production" | "test"; APP_NAME: string; PORT: number; APP_URL: string; CORS_ORIGIN: string; FRONTEND_URL: string; JWT_SECRET: string; SESSION_SECRET: string; ... 12 more ...; OPENAI_API_KEY?: string | undefined; }'.
src/shared/configuration/settings-manager.ts(41,28): error TS2339: Property 'REDIS_PASSWORD' does not exist on type '{ NODE_ENV: "development" | "production" | "test"; APP_NAME: string; PORT: number; APP_URL: string; CORS_ORIGIN: string; FRONTEND_URL: string; JWT_SECRET: string; SESSION_SECRET: string; ... 12 more ...; OPENAI_API_KEY?: string | undefined; }'.
src/shared/configuration/settings-manager.ts(52,36): error TS2339: Property 'RATE_LIMIT_ENABLED' does not exist on type '{ NODE_ENV: "development" | "production" | "test"; APP_NAME: string; PORT: number; APP_URL: string; CORS_ORIGIN: string; FRONTEND_URL: string; JWT_SECRET: string; SESSION_SECRET: string; ... 12 more ...; OPENAI_API_KEY?: string | undefined; }'.
src/shared/configuration/settings-manager.ts(58,36): error TS2339: Property 'AI_DEFAULT_PROVIDER' does not exist on type '{ NODE_ENV: "development" | "production" | "test"; APP_NAME: string; PORT: number; APP_URL: string; CORS_ORIGIN: string; FRONTEND_URL: string; JWT_SECRET: string; SESSION_SECRET: string; ... 12 more ...; OPENAI_API_KEY?: string | undefined; }'.
src/shared/configuration/settings-manager.ts(66,29): error TS2339: Property 'EMAIL_PROVIDER' does not exist on type '{ NODE_ENV: "development" | "production" | "test"; APP_NAME: string; PORT: number; APP_URL: string; CORS_ORIGIN: string; FRONTEND_URL: string; JWT_SECRET: string; SESSION_SECRET: string; ... 12 more ...; OPENAI_API_KEY?: string | undefined; }'.
src/shared/configuration/settings-manager.ts(71,29): error TS2339: Property 'EMAIL_FROM' does not exist on type '{ NODE_ENV: "development" | "production" | "test"; APP_NAME: string; PORT: number; APP_URL: string; CORS_ORIGIN: string; FRONTEND_URL: string; JWT_SECRET: string; SESSION_SECRET: string; ... 12 more ...; OPENAI_API_KEY?: string | undefined; }'.
tests/unit/middleware/TierGuard.test.ts(17,22): error TS2352: Conversion of type 'Mock<[deferToNext: "route"], void>' to type 'NextFunction' may be a mistake because neither type sufficiently overlaps with the other. If this was intentional, convert the expression to 'unknown' first.
  Types of parameters 'deferToNext' and 'deferToNext' are incompatible.
    Type '"router"' is not comparable to type '"route"'.
tests/unit/middleware/TierGuard.test.ts(35,22): error TS2352: Conversion of type 'Mock<[deferToNext: "route"], void>' to type 'NextFunction' may be a mistake because neither type sufficiently overlaps with the other. If this was intentional, convert the expression to 'unknown' first.
  Types of parameters 'deferToNext' and 'deferToNext' are incompatible.
    Type '"router"' is not comparable to type '"route"'.
tests/unit/middleware/TierGuard.test.ts(58,22): error TS2352: Conversion of type 'Mock<[deferToNext: "route"], void>' to type 'NextFunction' may be a mistake because neither type sufficiently overlaps with the other. If this was intentional, convert the expression to 'unknown' first.
  Types of parameters 'deferToNext' and 'deferToNext' are incompatible.
    Type '"router"' is not comparable to type '"route"'.
